# JRE version: Java(TM) SE Runtime Environment (8.0_66-b17) (build 1.8.0_66-b17)
# Java VM: Java HotSpot(TM) 64-Bit Server VM (25.66-b17 mixed mode windows-amd64 compressed oops)
Heap:
 PSYoungGen      total 426496K, used 321117K [0x000000076b580000, 0x0000000790180000, 0x00000007c0000000)
  eden space 409600K, 74% used [0x000000076b580000,0x000000077de97fd0,0x0000000784580000)
  from space 16896K, 99% used [0x0000000784580000,0x00000007855ff588,0x0000000785600000)
  to   space 20992K, 0% used [0x000000078ed00000,0x000000078ed00000,0x0000000790180000)
 ParOldGen       total 135168K, used 33956K [0x00000006c2000000, 0x00000006ca400000, 0x000000076b580000)
  object space 135168K, 25% used [0x00000006c2000000,0x00000006c4129288,0x00000006ca400000)
 Metaspace       used 51822K, capacity 52540K, committed 52864K, reserved 1095680K
  class space    used 6588K, capacity 6777K, committed 6784K, reserved 1048576K
GC Heap History (10 events):
Event: 18.611 GC heap before
{Heap before GC invocations=7 (full 1):
 PSYoungGen      total 140800K, used 136124K [0x000000076b580000, 0x000000077b080000, 0x00000007c0000000)
  eden space 130048K, 100% used [0x000000076b580000,0x0000000773480000,0x0000000773480000)
  from space 10752K, 56% used [0x0000000773480000,0x0000000773a6f060,0x0000000773f00000)
  to   space 9728K, 0% used [0x000000077a700000,0x000000077a700000,0x000000077b080000)
 ParOldGen       total 80384K, used 5730K [0x00000006c2000000, 0x00000006c6e80000, 0x000000076b580000)
  object space 80384K, 7% used [0x00000006c2000000,0x00000006c2598820,0x00000006c6e80000)
 Metaspace       used 25990K, capacity 26318K, committed 26624K, reserved 1073152K
  class space    used 3211K, capacity 3319K, committed 3328K, reserved 1048576K
Event: 18.777 GC heap after
Heap after GC invocations=7 (full 1):
 PSYoungGen      total 242176K, used 7181K [0x000000076b580000, 0x000000077ae80000, 0x00000007c0000000)
  eden space 234496K, 0% used [0x000000076b580000,0x000000076b580000,0x0000000779a80000)
  from space 7680K, 93% used [0x000000077a700000,0x000000077ae03740,0x000000077ae80000)
  to   space 9216K, 0% used [0x0000000779c80000,0x0000000779c80000,0x000000077a580000)
 ParOldGen       total 80384K, used 5730K [0x00000006c2000000, 0x00000006c6e80000, 0x000000076b580000)
  object space 80384K, 7% used [0x00000006c2000000,0x00000006c2598820,0x00000006c6e80000)
 Metaspace       used 25990K, capacity 26318K, committed 26624K, reserved 1073152K
  class space    used 3211K, capacity 3319K, committed 3328K, reserved 1048576K
}
Event: 28.913 GC heap before
{Heap before GC invocations=8 (full 1):
 PSYoungGen      total 242176K, used 241677K [0x000000076b580000, 0x000000077ae80000, 0x00000007c0000000)
  eden space 234496K, 100% used [0x000000076b580000,0x0000000779a80000,0x0000000779a80000)
  from space 7680K, 93% used [0x000000077a700000,0x000000077ae03740,0x000000077ae80000)
  to   space 9216K, 0% used [0x0000000779c80000,0x0000000779c80000,0x000000077a580000)
 ParOldGen       total 80384K, used 5730K [0x00000006c2000000, 0x00000006c6e80000, 0x000000076b580000)
  object space 80384K, 7% used [0x00000006c2000000,0x00000006c2598820,0x00000006c6e80000)
 Metaspace       used 33636K, capacity 34012K, committed 34176K, reserved 1079296K
  class space    used 4093K, capacity 4201K, committed 4224K, reserved 1048576K
Event: 28.941 GC heap after
Heap after GC invocations=8 (full 1):
 PSYoungGen      total 245760K, used 9193K [0x000000076b580000, 0x0000000786880000, 0x00000007c0000000)
  eden space 236544K, 0% used [0x000000076b580000,0x000000076b580000,0x0000000779c80000)
  from space 9216K, 99% used [0x0000000779c80000,0x000000077a57a4a8,0x000000077a580000)
  to   space 16896K, 0% used [0x0000000785800000,0x0000000785800000,0x0000000786880000)
 ParOldGen       total 80384K, used 19544K [0x00000006c2000000, 0x00000006c6e80000, 0x000000076b580000)
  object space 80384K, 24% used [0x00000006c2000000,0x00000006c3316378,0x00000006c6e80000)
 Metaspace       used 33636K, capacity 34012K, committed 34176K, reserved 1079296K
  class space    used 4093K, capacity 4201K, committed 4224K, reserved 1048576K
}
Event: 29.324 GC heap before
{Heap before GC invocations=9 (full 1):
 PSYoungGen      total 245760K, used 32620K [0x000000076b580000, 0x0000000786880000, 0x00000007c0000000)
  eden space 236544K, 9% used [0x000000076b580000,0x000000076cc60e50,0x0000000779c80000)
  from space 9216K, 99% used [0x0000000779c80000,0x000000077a57a4a8,0x000000077a580000)
  to   space 16896K, 0% used [0x0000000785800000,0x0000000785800000,0x0000000786880000)
 ParOldGen       total 80384K, used 19544K [0x00000006c2000000, 0x00000006c6e80000, 0x000000076b580000)
  object space 80384K, 24% used [0x00000006c2000000,0x00000006c3316378,0x00000006c6e80000)
 Metaspace       used 34833K, capacity 35196K, committed 35456K, reserved 1081344K
  class space    used 4275K, capacity 4361K, committed 4480K, reserved 1048576K
Event: 29.338 GC heap after
Heap after GC invocations=9 (full 1):
 PSYoungGen      total 424448K, used 10906K [0x000000076b580000, 0x0000000786680000, 0x00000007c0000000)
  eden space 409600K, 0% used [0x000000076b580000,0x000000076b580000,0x0000000784580000)
  from space 14848K, 73% used [0x0000000785800000,0x00000007862a6860,0x0000000786680000)
  to   space 16896K, 0% used [0x0000000784580000,0x0000000784580000,0x0000000785600000)
 ParOldGen       total 80384K, used 19552K [0x00000006c2000000, 0x00000006c6e80000, 0x000000076b580000)
  object space 80384K, 24% used [0x00000006c2000000,0x00000006c3318378,0x00000006c6e80000)
 Metaspace       used 34833K, capacity 35196K, committed 35456K, reserved 1081344K
  class space    used 4275K, capacity 4361K, committed 4480K, reserved 1048576K
}
Event: 29.338 GC heap before
{Heap before GC invocations=10 (full 2):
 PSYoungGen      total 424448K, used 10906K [0x000000076b580000, 0x0000000786680000, 0x00000007c0000000)
  eden space 409600K, 0% used [0x000000076b580000,0x000000076b580000,0x0000000784580000)
  from space 14848K, 73% used [0x0000000785800000,0x00000007862a6860,0x0000000786680000)
  to   space 16896K, 0% used [0x0000000784580000,0x0000000784580000,0x0000000785600000)
 ParOldGen       total 80384K, used 19552K [0x00000006c2000000, 0x00000006c6e80000, 0x000000076b580000)
  object space 80384K, 24% used [0x00000006c2000000,0x00000006c3318378,0x00000006c6e80000)
 Metaspace       used 34833K, capacity 35196K, committed 35456K, reserved 1081344K
  class space    used 4275K, capacity 4361K, committed 4480K, reserved 1048576K
Event: 30.154 GC heap after
Heap after GC invocations=10 (full 2):
 PSYoungGen      total 424448K, used 0K [0x000000076b580000, 0x0000000786680000, 0x00000007c0000000)
  eden space 409600K, 0% used [0x000000076b580000,0x000000076b580000,0x0000000784580000)
  from space 14848K, 0% used [0x0000000785800000,0x0000000785800000,0x0000000786680000)
  to   space 16896K, 0% used [0x0000000784580000,0x0000000784580000,0x0000000785600000)
 ParOldGen       total 135168K, used 29294K [0x00000006c2000000, 0x00000006ca400000, 0x000000076b580000)
  object space 135168K, 21% used [0x00000006c2000000,0x00000006c3c9baa8,0x00000006ca400000)
 Metaspace       used 34833K, capacity 35196K, committed 35456K, reserved 1081344K
  class space    used 4275K, capacity 4361K, committed 4480K, reserved 1048576K
}
Event: 41.203 GC heap before
{Heap before GC invocations=11 (full 2):
 PSYoungGen      total 424448K, used 409600K [0x000000076b580000, 0x0000000786680000, 0x00000007c0000000)
  eden space 409600K, 100% used [0x000000076b580000,0x0000000784580000,0x0000000784580000)
  from space 14848K, 0% used [0x0000000785800000,0x0000000785800000,0x0000000786680000)
  to   space 16896K, 0% used [0x0000000784580000,0x0000000784580000,0x0000000785600000)
 ParOldGen       total 135168K, used 29294K [0x00000006c2000000, 0x00000006ca400000, 0x000000076b580000)
  object space 135168K, 21% used [0x00000006c2000000,0x00000006c3c9baa8,0x00000006ca400000)
 Metaspace       used 46383K, capacity 46942K, committed 47360K, reserved 1091584K
  class space    used 5906K, capacity 6063K, committed 6144K, reserved 1048576K
Event: 41.231 GC heap after
Heap after GC invocations=11 (full 2):
 PSYoungGen      total 426496K, used 16893K [0x000000076b580000, 0x0000000790180000, 0x00000007c0000000)
  eden space 409600K, 0% used [0x000000076b580000,0x000000076b580000,0x0000000784580000)
  from space 16896K, 99% used [0x0000000784580000,0x00000007855ff588,0x0000000785600000)
  to   space 20992K, 0% used [0x000000078ed00000,0x000000078ed00000,0x0000000790180000)
 ParOldGen       total 135168K, used 33956K [0x00000006c2000000, 0x00000006ca400000, 0x000000076b580000)
  object space 135168K, 25% used [0x00000006c2000000,0x00000006c4129288,0x00000006ca400000)
 Metaspace       used 46383K, capacity 46942K, committed 47360K, reserved 1091584K
  class space    used 5906K, capacity 6063K, committed 6144K, reserved 1048576K
}

